{
  "stats": {
    "suites": 1,
    "tests": 18,
    "passes": 18,
    "pending": 0,
    "failures": 0,
    "start": "2023-01-07T07:13:16.213Z",
    "end": "2023-01-07T07:13:27.462Z",
    "duration": 11249,
    "testsRegistered": 18,
    "passPercent": 100,
    "pendingPercent": 0,
    "other": 0,
    "hasOther": false,
    "skipped": 0,
    "hasSkipped": false
  },
  "results": [
    {
      "uuid": "bcfc9e0e-5987-4029-abcc-f2aa1f543ee6",
      "title": "",
      "fullFile": "cypress/integration/2-advanced-examples/traversal.spec.js",
      "file": "cypress/integration/2-advanced-examples/traversal.spec.js",
      "beforeHooks": [],
      "afterHooks": [],
      "tests": [],
      "suites": [
        {
          "uuid": "58feec45-4d88-4ecd-a66a-f944edd3caae",
          "title": "Traversal",
          "fullFile": "",
          "file": "",
          "beforeHooks": [],
          "afterHooks": [],
          "tests": [
            {
              "title": ".children() - get child DOM elements",
              "fullTitle": "Traversal .children() - get child DOM elements",
              "timedOut": null,
              "duration": 3058,
              "state": "passed",
              "speed": "fast",
              "pass": true,
              "fail": false,
              "pending": false,
              "context": null,
              "code": "// https://on.cypress.io/children\ncy.get('.traversal-breadcrumb').children('.active').should('contain', 'Data');",
              "err": {},
              "uuid": "09c81473-8c1a-467c-985d-eaeb0d135a45",
              "parentUUID": "58feec45-4d88-4ecd-a66a-f944edd3caae",
              "isHook": false,
              "skipped": false
            },
            {
              "title": ".closest() - get closest ancestor DOM element",
              "fullTitle": "Traversal .closest() - get closest ancestor DOM element",
              "timedOut": null,
              "duration": 506,
              "state": "passed",
              "speed": "fast",
              "pass": true,
              "fail": false,
              "pending": false,
              "context": null,
              "code": "// https://on.cypress.io/closest\ncy.get('.traversal-badge').closest('ul').should('have.class', 'list-group');",
              "err": {},
              "uuid": "90c41840-7b39-47ea-94ba-44c85683365c",
              "parentUUID": "58feec45-4d88-4ecd-a66a-f944edd3caae",
              "isHook": false,
              "skipped": false
            },
            {
              "title": ".eq() - get a DOM element at a specific index",
              "fullTitle": "Traversal .eq() - get a DOM element at a specific index",
              "timedOut": null,
              "duration": 429,
              "state": "passed",
              "speed": "fast",
              "pass": true,
              "fail": false,
              "pending": false,
              "context": null,
              "code": "// https://on.cypress.io/eq\ncy.get('.traversal-list>li').eq(1).should('contain', 'siamese');",
              "err": {},
              "uuid": "b43b0f2a-ecc1-4587-9a0c-18ec40a2b0d5",
              "parentUUID": "58feec45-4d88-4ecd-a66a-f944edd3caae",
              "isHook": false,
              "skipped": false
            },
            {
              "title": ".filter() - get DOM elements that match the selector",
              "fullTitle": "Traversal .filter() - get DOM elements that match the selector",
              "timedOut": null,
              "duration": 298,
              "state": "passed",
              "speed": "fast",
              "pass": true,
              "fail": false,
              "pending": false,
              "context": null,
              "code": "// https://on.cypress.io/filter\ncy.get('.traversal-nav>li').filter('.active').should('contain', 'About');",
              "err": {},
              "uuid": "8881715e-901d-4be5-b5a5-f4846c5243fe",
              "parentUUID": "58feec45-4d88-4ecd-a66a-f944edd3caae",
              "isHook": false,
              "skipped": false
            },
            {
              "title": ".find() - get descendant DOM elements of the selector",
              "fullTitle": "Traversal .find() - get descendant DOM elements of the selector",
              "timedOut": null,
              "duration": 356,
              "state": "passed",
              "speed": "fast",
              "pass": true,
              "fail": false,
              "pending": false,
              "context": null,
              "code": "// https://on.cypress.io/find\ncy.get('.traversal-pagination').find('li').find('a').should('have.length', 7);",
              "err": {},
              "uuid": "ea745864-dcd7-4f7c-9c6d-1229ebbe9621",
              "parentUUID": "58feec45-4d88-4ecd-a66a-f944edd3caae",
              "isHook": false,
              "skipped": false
            },
            {
              "title": ".first() - get first DOM element",
              "fullTitle": "Traversal .first() - get first DOM element",
              "timedOut": null,
              "duration": 421,
              "state": "passed",
              "speed": "fast",
              "pass": true,
              "fail": false,
              "pending": false,
              "context": null,
              "code": "// https://on.cypress.io/first\ncy.get('.traversal-table td').first().should('contain', '1');",
              "err": {},
              "uuid": "6d73bf86-00be-421b-bd95-3195e5e93479",
              "parentUUID": "58feec45-4d88-4ecd-a66a-f944edd3caae",
              "isHook": false,
              "skipped": false
            },
            {
              "title": ".last() - get last DOM element",
              "fullTitle": "Traversal .last() - get last DOM element",
              "timedOut": null,
              "duration": 392,
              "state": "passed",
              "speed": "fast",
              "pass": true,
              "fail": false,
              "pending": false,
              "context": null,
              "code": "// https://on.cypress.io/last\ncy.get('.traversal-buttons .btn').last().should('contain', 'Submit');",
              "err": {},
              "uuid": "2ee386a4-b755-45ef-a9ae-10e1be928a20",
              "parentUUID": "58feec45-4d88-4ecd-a66a-f944edd3caae",
              "isHook": false,
              "skipped": false
            },
            {
              "title": ".next() - get next sibling DOM element",
              "fullTitle": "Traversal .next() - get next sibling DOM element",
              "timedOut": null,
              "duration": 286,
              "state": "passed",
              "speed": "fast",
              "pass": true,
              "fail": false,
              "pending": false,
              "context": null,
              "code": "// https://on.cypress.io/next\ncy.get('.traversal-ul').contains('apples').next().should('contain', 'oranges');",
              "err": {},
              "uuid": "5dcfa162-f01f-4a5f-b8bb-94d5b12b9fb2",
              "parentUUID": "58feec45-4d88-4ecd-a66a-f944edd3caae",
              "isHook": false,
              "skipped": false
            },
            {
              "title": ".nextAll() - get all next sibling DOM elements",
              "fullTitle": "Traversal .nextAll() - get all next sibling DOM elements",
              "timedOut": null,
              "duration": 362,
              "state": "passed",
              "speed": "fast",
              "pass": true,
              "fail": false,
              "pending": false,
              "context": null,
              "code": "// https://on.cypress.io/nextall\ncy.get('.traversal-next-all').contains('oranges').nextAll().should('have.length', 3);",
              "err": {},
              "uuid": "1892992b-89c6-4d5b-8368-d319267e8fc5",
              "parentUUID": "58feec45-4d88-4ecd-a66a-f944edd3caae",
              "isHook": false,
              "skipped": false
            },
            {
              "title": ".nextUntil() - get next sibling DOM elements until next el",
              "fullTitle": "Traversal .nextUntil() - get next sibling DOM elements until next el",
              "timedOut": null,
              "duration": 300,
              "state": "passed",
              "speed": "fast",
              "pass": true,
              "fail": false,
              "pending": false,
              "context": null,
              "code": "// https://on.cypress.io/nextuntil\ncy.get('#veggies').nextUntil('#nuts').should('have.length', 3);",
              "err": {},
              "uuid": "90f5de8b-e964-4ed9-8876-099682961528",
              "parentUUID": "58feec45-4d88-4ecd-a66a-f944edd3caae",
              "isHook": false,
              "skipped": false
            },
            {
              "title": ".not() - remove DOM elements from set of DOM elements",
              "fullTitle": "Traversal .not() - remove DOM elements from set of DOM elements",
              "timedOut": null,
              "duration": 348,
              "state": "passed",
              "speed": "fast",
              "pass": true,
              "fail": false,
              "pending": false,
              "context": null,
              "code": "// https://on.cypress.io/not\ncy.get('.traversal-disabled .btn').not('[disabled]').should('not.contain', 'Disabled');",
              "err": {},
              "uuid": "9ea09333-ec7f-4aca-b8d9-0db0fd4a6e65",
              "parentUUID": "58feec45-4d88-4ecd-a66a-f944edd3caae",
              "isHook": false,
              "skipped": false
            },
            {
              "title": ".parent() - get parent DOM element from DOM elements",
              "fullTitle": "Traversal .parent() - get parent DOM element from DOM elements",
              "timedOut": null,
              "duration": 430,
              "state": "passed",
              "speed": "fast",
              "pass": true,
              "fail": false,
              "pending": false,
              "context": null,
              "code": "// https://on.cypress.io/parent\ncy.get('.traversal-mark').parent().should('contain', 'Morbi leo risus');",
              "err": {},
              "uuid": "f66eb3c6-d6c8-436c-8979-4a4d2d732b8a",
              "parentUUID": "58feec45-4d88-4ecd-a66a-f944edd3caae",
              "isHook": false,
              "skipped": false
            },
            {
              "title": ".parents() - get parent DOM elements from DOM elements",
              "fullTitle": "Traversal .parents() - get parent DOM elements from DOM elements",
              "timedOut": null,
              "duration": 358,
              "state": "passed",
              "speed": "fast",
              "pass": true,
              "fail": false,
              "pending": false,
              "context": null,
              "code": "// https://on.cypress.io/parents\ncy.get('.traversal-cite').parents().should('match', 'blockquote');",
              "err": {},
              "uuid": "af881c7b-960e-4e3d-b6a8-fff2345b2920",
              "parentUUID": "58feec45-4d88-4ecd-a66a-f944edd3caae",
              "isHook": false,
              "skipped": false
            },
            {
              "title": ".parentsUntil() - get parent DOM elements from DOM elements until el",
              "fullTitle": "Traversal .parentsUntil() - get parent DOM elements from DOM elements until el",
              "timedOut": null,
              "duration": 365,
              "state": "passed",
              "speed": "fast",
              "pass": true,
              "fail": false,
              "pending": false,
              "context": null,
              "code": "// https://on.cypress.io/parentsuntil\ncy.get('.clothes-nav').find('.active').parentsUntil('.clothes-nav').should('have.length', 2);",
              "err": {},
              "uuid": "07501f6a-bd52-4c38-bf1c-f7d6ff31b3b1",
              "parentUUID": "58feec45-4d88-4ecd-a66a-f944edd3caae",
              "isHook": false,
              "skipped": false
            },
            {
              "title": ".prev() - get previous sibling DOM element",
              "fullTitle": "Traversal .prev() - get previous sibling DOM element",
              "timedOut": null,
              "duration": 368,
              "state": "passed",
              "speed": "fast",
              "pass": true,
              "fail": false,
              "pending": false,
              "context": null,
              "code": "// https://on.cypress.io/prev\ncy.get('.birds').find('.active').prev().should('contain', 'Lorikeets');",
              "err": {},
              "uuid": "8c0eee2a-b6ca-4bcf-9509-088791ce4603",
              "parentUUID": "58feec45-4d88-4ecd-a66a-f944edd3caae",
              "isHook": false,
              "skipped": false
            },
            {
              "title": ".prevAll() - get all previous sibling DOM elements",
              "fullTitle": "Traversal .prevAll() - get all previous sibling DOM elements",
              "timedOut": null,
              "duration": 319,
              "state": "passed",
              "speed": "fast",
              "pass": true,
              "fail": false,
              "pending": false,
              "context": null,
              "code": "// https://on.cypress.io/prevall\ncy.get('.fruits-list').find('.third').prevAll().should('have.length', 2);",
              "err": {},
              "uuid": "126857db-b622-4cf1-8892-31b6c48702b4",
              "parentUUID": "58feec45-4d88-4ecd-a66a-f944edd3caae",
              "isHook": false,
              "skipped": false
            },
            {
              "title": ".prevUntil() - get all previous sibling DOM elements until el",
              "fullTitle": "Traversal .prevUntil() - get all previous sibling DOM elements until el",
              "timedOut": null,
              "duration": 320,
              "state": "passed",
              "speed": "fast",
              "pass": true,
              "fail": false,
              "pending": false,
              "context": null,
              "code": "// https://on.cypress.io/prevuntil\ncy.get('.foods-list').find('#nuts').prevUntil('#veggies').should('have.length', 3);",
              "err": {},
              "uuid": "149e2436-9e31-4804-bdd9-7a1a5c53d320",
              "parentUUID": "58feec45-4d88-4ecd-a66a-f944edd3caae",
              "isHook": false,
              "skipped": false
            },
            {
              "title": ".siblings() - get all sibling DOM elements",
              "fullTitle": "Traversal .siblings() - get all sibling DOM elements",
              "timedOut": null,
              "duration": 293,
              "state": "passed",
              "speed": "fast",
              "pass": true,
              "fail": false,
              "pending": false,
              "context": null,
              "code": "// https://on.cypress.io/siblings\ncy.get('.traversal-pills .active').siblings().should('have.length', 2);",
              "err": {},
              "uuid": "e7c8ce6a-51b5-42cf-9667-d6af38638529",
              "parentUUID": "58feec45-4d88-4ecd-a66a-f944edd3caae",
              "isHook": false,
              "skipped": false
            }
          ],
          "suites": [],
          "passes": [
            "09c81473-8c1a-467c-985d-eaeb0d135a45",
            "90c41840-7b39-47ea-94ba-44c85683365c",
            "b43b0f2a-ecc1-4587-9a0c-18ec40a2b0d5",
            "8881715e-901d-4be5-b5a5-f4846c5243fe",
            "ea745864-dcd7-4f7c-9c6d-1229ebbe9621",
            "6d73bf86-00be-421b-bd95-3195e5e93479",
            "2ee386a4-b755-45ef-a9ae-10e1be928a20",
            "5dcfa162-f01f-4a5f-b8bb-94d5b12b9fb2",
            "1892992b-89c6-4d5b-8368-d319267e8fc5",
            "90f5de8b-e964-4ed9-8876-099682961528",
            "9ea09333-ec7f-4aca-b8d9-0db0fd4a6e65",
            "f66eb3c6-d6c8-436c-8979-4a4d2d732b8a",
            "af881c7b-960e-4e3d-b6a8-fff2345b2920",
            "07501f6a-bd52-4c38-bf1c-f7d6ff31b3b1",
            "8c0eee2a-b6ca-4bcf-9509-088791ce4603",
            "126857db-b622-4cf1-8892-31b6c48702b4",
            "149e2436-9e31-4804-bdd9-7a1a5c53d320",
            "e7c8ce6a-51b5-42cf-9667-d6af38638529"
          ],
          "failures": [],
          "pending": [],
          "skipped": [],
          "duration": 9209,
          "root": false,
          "rootEmpty": false,
          "_timeout": 2000
        }
      ],
      "passes": [],
      "failures": [],
      "pending": [],
      "skipped": [],
      "duration": 0,
      "root": true,
      "rootEmpty": true,
      "_timeout": 2000
    }
  ],
  "meta": {
    "mocha": {
      "version": "7.0.1"
    },
    "mochawesome": {
      "options": {
        "quiet": false,
        "reportFilename": "mochawesome",
        "saveHtml": false,
        "saveJson": true,
        "consoleReporter": "spec",
        "useInlineDiffs": false,
        "code": true
      },
      "version": "7.0.1"
    },
    "marge": {
      "options": {
        "reportDir": "cypress/results",
        "overwrite": false,
        "html": false,
        "json": true
      },
      "version": "6.0.1"
    }
  }
}