{
  "stats": {
    "suites": 1,
    "tests": 7,
    "passes": 7,
    "pending": 0,
    "failures": 0,
    "start": "2023-01-07T07:13:03.615Z",
    "end": "2023-01-07T07:13:12.200Z",
    "duration": 8585,
    "testsRegistered": 7,
    "passPercent": 100,
    "pendingPercent": 0,
    "other": 0,
    "hasOther": false,
    "skipped": 0,
    "hasSkipped": false
  },
  "results": [
    {
      "uuid": "c5421b0f-4611-4edd-a933-533502c0574b",
      "title": "",
      "fullFile": "cypress/integration/2-advanced-examples/spies_stubs_clocks.spec.js",
      "file": "cypress/integration/2-advanced-examples/spies_stubs_clocks.spec.js",
      "beforeHooks": [],
      "afterHooks": [],
      "tests": [],
      "suites": [
        {
          "uuid": "f3678b39-f50f-4d9f-948b-c1656badad52",
          "title": "Spies, Stubs, and Clock",
          "fullFile": "",
          "file": "",
          "beforeHooks": [],
          "afterHooks": [],
          "tests": [
            {
              "title": "cy.spy() - wrap a method in a spy",
              "fullTitle": "Spies, Stubs, and Clock cy.spy() - wrap a method in a spy",
              "timedOut": null,
              "duration": 2272,
              "state": "passed",
              "speed": "fast",
              "pass": true,
              "fail": false,
              "pending": false,
              "context": null,
              "code": "// https://on.cypress.io/spy\ncy.visit('https://example.cypress.io/commands/spies-stubs-clocks');\nconst obj = {\n  foo() {}\n};\nconst spy = cy.spy(obj, 'foo').as('anyArgs');\nobj.foo();\nexpect(spy).to.be.called;",
              "err": {},
              "uuid": "ee118c97-1274-4ec6-99c7-cb87753ef7b7",
              "parentUUID": "f3678b39-f50f-4d9f-948b-c1656badad52",
              "isHook": false,
              "skipped": false
            },
            {
              "title": "cy.spy() retries until assertions pass",
              "fullTitle": "Spies, Stubs, and Clock cy.spy() retries until assertions pass",
              "timedOut": null,
              "duration": 2530,
              "state": "passed",
              "speed": "fast",
              "pass": true,
              "fail": false,
              "pending": false,
              "context": null,
              "code": "cy.visit('https://example.cypress.io/commands/spies-stubs-clocks');\nconst obj = {\n  /**\n   * Prints the argument passed\n   * @param x {any}\n  */\n  foo(x) {\n    console.log('obj.foo called with', x);\n  }\n};\ncy.spy(obj, 'foo').as('foo');\nsetTimeout(() => {\n  obj.foo('first');\n}, 500);\nsetTimeout(() => {\n  obj.foo('second');\n}, 2500);\ncy.get('@foo').should('have.been.calledTwice');",
              "err": {},
              "uuid": "095b7708-4a7b-4b95-909b-df618235300b",
              "parentUUID": "f3678b39-f50f-4d9f-948b-c1656badad52",
              "isHook": false,
              "skipped": false
            },
            {
              "title": "cy.stub() - create a stub and/or replace a function with stub",
              "fullTitle": "Spies, Stubs, and Clock cy.stub() - create a stub and/or replace a function with stub",
              "timedOut": null,
              "duration": 524,
              "state": "passed",
              "speed": "fast",
              "pass": true,
              "fail": false,
              "pending": false,
              "context": null,
              "code": "// https://on.cypress.io/stub\ncy.visit('https://example.cypress.io/commands/spies-stubs-clocks');\nconst obj = {\n  /**\n   * prints both arguments to the console\n   * @param a {string}\n   * @param b {string}\n  */\n  foo(a, b) {\n    console.log('a', a, 'b', b);\n  }\n};\nconst stub = cy.stub(obj, 'foo').as('foo');\nobj.foo('foo', 'bar');\nexpect(stub).to.be.called;",
              "err": {},
              "uuid": "49807a03-fb28-458c-9e36-95b5fe5a4316",
              "parentUUID": "f3678b39-f50f-4d9f-948b-c1656badad52",
              "isHook": false,
              "skipped": false
            },
            {
              "title": "cy.clock() - control time in the browser",
              "fullTitle": "Spies, Stubs, and Clock cy.clock() - control time in the browser",
              "timedOut": null,
              "duration": 473,
              "state": "passed",
              "speed": "fast",
              "pass": true,
              "fail": false,
              "pending": false,
              "context": null,
              "code": "// https://on.cypress.io/clock\n// create the date in UTC so its always the same\n// no matter what local timezone the browser is running in\nconst now = new Date(Date.UTC(2017, 2, 14)).getTime();\ncy.clock(now);\ncy.visit('https://example.cypress.io/commands/spies-stubs-clocks');\ncy.get('#clock-div').click().should('have.text', '1489449600');",
              "err": {},
              "uuid": "72c12118-3479-42fe-a9f7-4b047fda3d09",
              "parentUUID": "f3678b39-f50f-4d9f-948b-c1656badad52",
              "isHook": false,
              "skipped": false
            },
            {
              "title": "cy.tick() - move time in the browser",
              "fullTitle": "Spies, Stubs, and Clock cy.tick() - move time in the browser",
              "timedOut": null,
              "duration": 931,
              "state": "passed",
              "speed": "fast",
              "pass": true,
              "fail": false,
              "pending": false,
              "context": null,
              "code": "// https://on.cypress.io/tick\n// create the date in UTC so its always the same\n// no matter what local timezone the browser is running in\nconst now = new Date(Date.UTC(2017, 2, 14)).getTime();\ncy.clock(now);\ncy.visit('https://example.cypress.io/commands/spies-stubs-clocks');\ncy.get('#tick-div').click().should('have.text', '1489449600');\ncy.tick(10000); // 10 seconds passed\ncy.get('#tick-div').click().should('have.text', '1489449610');",
              "err": {},
              "uuid": "15b0fb41-5021-473c-979b-264f3440485a",
              "parentUUID": "f3678b39-f50f-4d9f-948b-c1656badad52",
              "isHook": false,
              "skipped": false
            },
            {
              "title": "cy.stub() matches depending on arguments",
              "fullTitle": "Spies, Stubs, and Clock cy.stub() matches depending on arguments",
              "timedOut": null,
              "duration": 52,
              "state": "passed",
              "speed": "fast",
              "pass": true,
              "fail": false,
              "pending": false,
              "context": null,
              "code": "// see all possible matchers at\n// https://sinonjs.org/releases/latest/matchers/\nconst greeter = {\n  /**\n   * Greets a person\n   * @param {string} name\n  */\n  greet(name) {\n    return `Hello, ${name}!`;\n  }\n};\ncy.stub(greeter, 'greet').callThrough() // if you want non-matched calls to call the real method\n.withArgs(Cypress.sinon.match.string).returns('Hi').withArgs(Cypress.sinon.match.number).throws(new Error('Invalid name'));\nexpect(greeter.greet('World')).to.equal('Hi'); // @ts-ignore\nexpect(() => greeter.greet(42)).to.throw('Invalid name');\nexpect(greeter.greet).to.have.been.calledTwice; // non-matched calls goes the actual method\n// @ts-ignore\nexpect(greeter.greet()).to.equal('Hello, undefined!');",
              "err": {},
              "uuid": "3419df28-be1a-47f7-8ef9-cdc33dfa436c",
              "parentUUID": "f3678b39-f50f-4d9f-948b-c1656badad52",
              "isHook": false,
              "skipped": false
            },
            {
              "title": "matches call arguments using Sinon matchers",
              "fullTitle": "Spies, Stubs, and Clock matches call arguments using Sinon matchers",
              "timedOut": null,
              "duration": 53,
              "state": "passed",
              "speed": "fast",
              "pass": true,
              "fail": false,
              "pending": false,
              "context": null,
              "code": "// see all possible matchers at\n// https://sinonjs.org/releases/latest/matchers/\nconst calculator = {\n  /**\n   * returns the sum of two arguments\n   * @param a {number}\n   * @param b {number}\n  */\n  add(a, b) {\n    return a + b;\n  }\n};\nconst spy = cy.spy(calculator, 'add').as('add');\nexpect(calculator.add(2, 3)).to.equal(5); // if we want to assert the exact values used during the call\nexpect(spy).to.be.calledWith(2, 3); // let's confirm \"add\" method was called with two numbers\nexpect(spy).to.be.calledWith(Cypress.sinon.match.number, Cypress.sinon.match.number); // alternatively, provide the value to match\nexpect(spy).to.be.calledWith(Cypress.sinon.match(2), Cypress.sinon.match(3)); // match any value\nexpect(spy).to.be.calledWith(Cypress.sinon.match.any, 3); // match any value from a list\nexpect(spy).to.be.calledWith(Cypress.sinon.match.in([1, 2, 3]), 3);\n/**\n * Returns true if the given number is event\n * @param {number} x\n */\nconst isEven = x => x % 2 === 0; // expect the value to pass a custom predicate function\n// the second argument to \"sinon.match(predicate, message)\" is\n// shown if the predicate does not pass and assertion fails\n\nexpect(spy).to.be.calledWith(Cypress.sinon.match(isEven, 'isEven'), 3);\n/**\n * Returns a function that checks if a given number is larger than the limit\n * @param {number} limit\n * @returns {(x: number) => boolean}\n */\nconst isGreaterThan = limit => x => x > limit;\n/**\n * Returns a function that checks if a given number is less than the limit\n * @param {number} limit\n * @returns {(x: number) => boolean}\n */\n\nconst isLessThan = limit => x => x < limit; // you can combine several matchers using \"and\", \"or\"\n\nexpect(spy).to.be.calledWith(Cypress.sinon.match.number, Cypress.sinon.match(isGreaterThan(2), '> 2').and(Cypress.sinon.match(isLessThan(4), '< 4')));\nexpect(spy).to.be.calledWith(Cypress.sinon.match.number, Cypress.sinon.match(isGreaterThan(200), '> 200').or(Cypress.sinon.match(3))); // matchers can be used from BDD assertions\ncy.get('@add').should('have.been.calledWith', Cypress.sinon.match.number, Cypress.sinon.match(3)); // you can alias matchers for shorter test code\nconst {\n  match: M\n} = Cypress.sinon;\ncy.get('@add').should('have.been.calledWith', M.number, M(3));",
              "err": {},
              "uuid": "b741a61c-19a5-4bae-ac3e-1db258e237d5",
              "parentUUID": "f3678b39-f50f-4d9f-948b-c1656badad52",
              "isHook": false,
              "skipped": false
            }
          ],
          "suites": [],
          "passes": [
            "ee118c97-1274-4ec6-99c7-cb87753ef7b7",
            "095b7708-4a7b-4b95-909b-df618235300b",
            "49807a03-fb28-458c-9e36-95b5fe5a4316",
            "72c12118-3479-42fe-a9f7-4b047fda3d09",
            "15b0fb41-5021-473c-979b-264f3440485a",
            "3419df28-be1a-47f7-8ef9-cdc33dfa436c",
            "b741a61c-19a5-4bae-ac3e-1db258e237d5"
          ],
          "failures": [],
          "pending": [],
          "skipped": [],
          "duration": 6835,
          "root": false,
          "rootEmpty": false,
          "_timeout": 2000
        }
      ],
      "passes": [],
      "failures": [],
      "pending": [],
      "skipped": [],
      "duration": 0,
      "root": true,
      "rootEmpty": true,
      "_timeout": 2000
    }
  ],
  "meta": {
    "mocha": {
      "version": "7.0.1"
    },
    "mochawesome": {
      "options": {
        "quiet": false,
        "reportFilename": "mochawesome",
        "saveHtml": false,
        "saveJson": true,
        "consoleReporter": "spec",
        "useInlineDiffs": false,
        "code": true
      },
      "version": "7.0.1"
    },
    "marge": {
      "options": {
        "reportDir": "cypress/results",
        "overwrite": false,
        "html": false,
        "json": true
      },
      "version": "6.0.1"
    }
  }
}